<?xml version="1.0" encoding="UTF-8"?>
<!-- Generated by org.testng.reporters.JUnitXMLReporter -->
<testsuite ignored="0" hostname="Subhadeep" failures="0" tests="3" name="Test" time="91.2" errors="0" timestamp="2025-12-28T11:01:20 IST">
  <testcase classname="Lambdatesting.SimpleFromDemo" name="simpleFormDemo" time="45.875"/>
  <testcase classname="Lambdatesting.InputFromSubmit" name="testInputFormSubmit" time="24.707"/>
  <testcase classname="Lambdatesting.DragAndDropSlider" name="dragAndDropSliders" time="20.564"/>
</testsuite> <!-- Test -->
