<?xml version="1.0" encoding="UTF-8"?>
<testng-results ignored="0" total="3" passed="3" failed="0" skipped="0">
  <reporter-output>
  </reporter-output>
  <suite started-at="2025-12-28T10:59:48 IST" name="Suite" finished-at="2025-12-28T11:01:19 IST" duration-ms="91200">
    <groups>
    </groups>
    <test started-at="2025-12-28T10:59:48 IST" name="Test" finished-at="2025-12-28T11:01:19 IST" duration-ms="91200">
      <class name="Lambdatesting.SimpleFromDemo">
        <test-method signature="simpleFormDemo()[pri:0, instance:Lambdatesting.SimpleFromDemo@48f2bd5b]" started-at="2025-12-28T10:59:48 IST" name="simpleFormDemo" finished-at="2025-12-28T11:00:34 IST" duration-ms="45875" status="PASS">
          <reporter-output>
          </reporter-output>
        </test-method> <!-- simpleFormDemo -->
      </class> <!-- Lambdatesting.SimpleFromDemo -->
      <class name="Lambdatesting.DragAndDropSlider">
        <test-method signature="dragAndDropSliders()[pri:0, instance:Lambdatesting.DragAndDropSlider@5656be13]" started-at="2025-12-28T11:00:59 IST" name="dragAndDropSliders" finished-at="2025-12-28T11:01:19 IST" duration-ms="20564" status="PASS">
          <reporter-output>
          </reporter-output>
        </test-method> <!-- dragAndDropSliders -->
      </class> <!-- Lambdatesting.DragAndDropSlider -->
      <class name="Lambdatesting.InputFromSubmit">
        <test-method signature="testInputFormSubmit()[pri:0, instance:Lambdatesting.InputFromSubmit@235834f2]" started-at="2025-12-28T11:00:34 IST" name="testInputFormSubmit" finished-at="2025-12-28T11:00:59 IST" duration-ms="24707" status="PASS">
          <reporter-output>
          </reporter-output>
        </test-method> <!-- testInputFormSubmit -->
      </class> <!-- Lambdatesting.InputFromSubmit -->
    </test> <!-- Test -->
  </suite> <!-- Suite -->
</testng-results>
